e:\code\collision\fiberdepend\fiberdepend\x64\debug\vc140.pdb
e:\code\collision\fiberdepend\fiberdepend\x64\debug\vc140.idb
e:\code\collision\fiberdepend\fiberdepend\x64\debug\camera.obj
e:\code\collision\fiberdepend\fiberdepend\x64\debug\glsl.obj
e:\code\collision\fiberdepend\fiberdepend\x64\debug\io_mesh.obj
e:\code\collision\fiberdepend\fiberdepend\x64\debug\main.obj
e:\code\collision\fiberdepend\fiberdepend\x64\debug\mesh.obj
e:\code\collision\fiberdepend\fiberdepend\x64\debug\mouse.obj
e:\code\collision\fiberdepend\fiberdepend\x64\debug\simulation.obj
d:\code\collision\fiberdepend\fiberdepend\x64\debug\vc140.pdb
d:\code\collision\fiberdepend\fiberdepend\x64\debug\vc140.idb
d:\code\collision\fiberdepend\fiberdepend\x64\debug\mouse.obj
d:\code\collision\fiberdepend\x64\debug\fiberdepend.pdb
d:\code\collision\fiberdepend\fiberdepend\x64\debug\fiberdepend.tlog\cl.command.1.tlog
d:\code\collision\fiberdepend\fiberdepend\x64\debug\fiberdepend.tlog\cl.read.1.tlog
d:\code\collision\fiberdepend\fiberdepend\x64\debug\fiberdepend.tlog\cl.write.1.tlog
d:\code\collision\fiberdepend\fiberdepend\x64\debug\fiberdepend.tlog\link-cvtres.read.1.tlog
d:\code\collision\fiberdepend\fiberdepend\x64\debug\fiberdepend.tlog\link-cvtres.write.1.tlog
d:\code\collision\fiberdepend\fiberdepend\x64\debug\fiberdepend.tlog\link-rc.read.1.tlog
d:\code\collision\fiberdepend\fiberdepend\x64\debug\fiberdepend.tlog\link-rc.write.1.tlog
d:\code\collision\fiberdepend\fiberdepend\x64\debug\fiberdepend.tlog\link.command.1.tlog
d:\code\collision\fiberdepend\fiberdepend\x64\debug\fiberdepend.tlog\link.read.1.tlog
d:\code\collision\fiberdepend\fiberdepend\x64\debug\fiberdepend.tlog\link.write.1.tlog
